nohup: ignoring input
/mnt/fast0/dc903/CS4RP/rpenv/lib/python3.8/site-packages/torchvision/datapoints/__init__.py:12: UserWarning: The torchvision.datapoints and torchvision.transforms.v2 namespaces are still Beta. While we do not expect major breaking changes, some APIs may still change according to user feedback. Please submit any feedback you may have in this issue: https://github.com/pytorch/vision/issues/6753, and you can also check out https://github.com/pytorch/vision/issues/7319 to learn more about the APIs that we suspect might involve future changes. You can silence this warning by calling torchvision.disable_beta_transforms_warning().
  warnings.warn(_BETA_TRANSFORMS_WARNING)
/mnt/fast0/dc903/CS4RP/rpenv/lib/python3.8/site-packages/torchvision/transforms/v2/__init__.py:54: UserWarning: The torchvision.datapoints and torchvision.transforms.v2 namespaces are still Beta. While we do not expect major breaking changes, some APIs may still change according to user feedback. Please submit any feedback you may have in this issue: https://github.com/pytorch/vision/issues/6753, and you can also check out https://github.com/pytorch/vision/issues/7319 to learn more about the APIs that we suspect might involve future changes. You can silence this warning by calling torchvision.disable_beta_transforms_warning().
  warnings.warn(_BETA_TRANSFORMS_WARNING)
Loading checkpoint shards:   0%|          | 0/4 [00:00<?, ?it/s]Loading checkpoint shards:  25%|██▌       | 1/4 [00:06<00:20,  6.80s/it]Loading checkpoint shards:  50%|█████     | 2/4 [00:12<00:12,  6.37s/it]Loading checkpoint shards:  75%|███████▌  | 3/4 [00:16<00:04,  4.89s/it]Loading checkpoint shards: 100%|██████████| 4/4 [00:17<00:00,  3.43s/it]Loading checkpoint shards: 100%|██████████| 4/4 [00:17<00:00,  4.30s/it]
------------------------ testing on mmlu  physics
-------------------  testing on topk range k =  3 mk =  0
random
total number of neurons disabled:  384
MMLU score:  40.71146245059288
random
total number of neurons disabled:  384
MMLU score:  41.89723320158103
random
total number of neurons disabled:  384
MMLU score:  42.68774703557312
avg mmlu score:  41.76548089591568 
------------
-------------------  testing on topk range k =  10 mk =  0
random
total number of neurons disabled:  1280
MMLU score:  40.71146245059288
random
total number of neurons disabled:  1280
MMLU score:  39.130434782608695
random
total number of neurons disabled:  1280
